<?xml version="1.0" encoding="UTF-8" standalone="no"?>
<testsuite errors="0" failures="0" name="io.cucumber.core.plugin.JUnitFormatter" skipped="0" tests="5" time="209.031">
    <testcase classname="AP Enquiry Form Field Validations" name="Blank Form Submission Unsuccessful" time="25.466">
        <system-out><![CDATA[Given user is on sanitization service page..................................passed
When user clicks on enquire.................................................passed
Then user enquiry fails.....................................................passed
]]></system-out>
    </testcase>
    <testcase classname="AP Enquiry Form Field Validations" name="Invalid Name Input" time="47.529">
        <system-out><![CDATA[Given user is on sanitization service page..................................passed
When user inputs details with wrong name....................................passed
And user clicks on enquire..................................................passed
Then user enquiry fails.....................................................passed
]]></system-out>
    </testcase>
    <testcase classname="AP Enquiry Form Field Validations" name="Invalid Email Input" time="47.763">
        <system-out><![CDATA[Given user is on sanitization service page..................................passed
When user inputs details with wrong email...................................passed
And user clicks on enquire..................................................passed
Then user enquiry fails.....................................................passed
]]></system-out>
    </testcase>
    <testcase classname="AP Enquiry Form Field Validations" name="Invalid Mobile Input" time="44.184">
        <system-out><![CDATA[Given user is on sanitization service page..................................passed
When user inputs details with wrong mobile..................................passed
And user clicks on enquire..................................................passed
Then user enquiry fails.....................................................passed
]]></system-out>
    </testcase>
    <testcase classname="AP Enquiry Form Field Validations" name="Invalid Pin Input" time="44.034">
        <system-out><![CDATA[Given user is on sanitization service page..................................passed
When user inputs details with wrong pin.....................................passed
And user clicks on enquire..................................................passed
Then user enquiry fails.....................................................passed
]]></system-out>
    </testcase>
</testsuite>
