<?xml version="1.0" encoding="UTF-8" standalone="no"?>
<testsuite errors="0" failures="0" name="io.cucumber.core.plugin.JUnitFormatter" skipped="0" tests="4" time="197.402">
    <testcase classname="AP Enquiry Form" name="Enquiry Form Submission Successful" time="49.844">
        <system-out><![CDATA[Given user is on wood solutions page........................................passed
When user enters name.......................................................passed
And user enters email.......................................................passed
And user enters mobile......................................................passed
And user enters pincode.....................................................passed
And user clicks on enquire button...........................................passed
Then user sees submit success page..........................................passed
When user clicks on download brochure button................................passed
And user enters "9702508295"................................................passed
And user clicks on login button.............................................passed
Then user sees brochure window..............................................passed
]]></system-out>
    </testcase>
    <testcase classname="AP Enquiry Form" name="Enquiry Form Submission Successful 2" time="47.317">
        <system-out><![CDATA[Given user is on wood solutions page........................................passed
When user enters name.......................................................passed
And user enters email.......................................................passed
And user enters mobile......................................................passed
And user enters pincode.....................................................passed
And user clicks on enquire button...........................................passed
Then user sees submit success page..........................................passed
When user clicks on download brochure button................................passed
And user enters "9702508295"................................................passed
And user clicks on login button.............................................passed
Then user sees brochure window..............................................passed
]]></system-out>
    </testcase>
    <testcase classname="AP Enquiry Form" name="Enquiry Form Submission Successful 3" time="48.061">
        <system-out><![CDATA[Given user is on wood solutions page........................................passed
When user enters name.......................................................passed
And user enters email.......................................................passed
And user enters mobile......................................................passed
And user enters pincode.....................................................passed
And user clicks on enquire button...........................................passed
Then user sees submit success page..........................................passed
When user clicks on download brochure button................................passed
And user enters "9702508295"................................................passed
And user clicks on login button.............................................passed
Then user sees brochure window..............................................passed
]]></system-out>
    </testcase>
    <testcase classname="AP Enquiry Form" name="Enquiry Form Submission Successful 4" time="52.128">
        <system-out><![CDATA[Given user is on wood solutions page........................................passed
When user enters name.......................................................passed
And user enters email.......................................................passed
And user enters mobile......................................................passed
And user enters pincode.....................................................passed
And user clicks on enquire button...........................................passed
Then user sees submit success page..........................................passed
When user clicks on download brochure button................................passed
And user enters "9702508295"................................................passed
And user clicks on login button.............................................passed
Then user sees brochure window..............................................passed
]]></system-out>
    </testcase>
</testsuite>
