<?xml version="1.0" encoding="UTF-8"?>
<testng-results ignored="0" total="19" passed="19" failed="0" skipped="0">
  <reporter-output>
  </reporter-output>
  <suite started-at="2022-10-16T21:53:26 IST" name="Suite" finished-at="2022-10-16T22:05:27 IST" duration-ms="720821">
    <groups>
      <group name="cucumber">
        <method signature="AbstractTestNGCucumberTests.runScenario(io.cucumber.testng.PickleWrapper,io.cucumber.testng.FeatureWrapper)[pri:0, instance:testRunner.Runner@e350b40]" name="runScenario" class="io.cucumber.testng.AbstractTestNGCucumberTests"/>
        <method signature="AbstractTestNGCucumberTests.runScenario(io.cucumber.testng.PickleWrapper,io.cucumber.testng.FeatureWrapper)[pri:0, instance:testRunner.RunnerEnquiryForm@1c7696c6]" name="runScenario" class="io.cucumber.testng.AbstractTestNGCucumberTests"/>
        <method signature="AbstractTestNGCucumberTests.runScenario(io.cucumber.testng.PickleWrapper,io.cucumber.testng.FeatureWrapper)[pri:0, instance:testRunner.RunnerExploreInterior@60099951]" name="runScenario" class="io.cucumber.testng.AbstractTestNGCucumberTests"/>
        <method signature="AbstractTestNGCucumberTests.runScenario(io.cucumber.testng.PickleWrapper,io.cucumber.testng.FeatureWrapper)[pri:0, instance:testRunner.RunnerFieldValidations@20140db9]" name="runScenario" class="io.cucumber.testng.AbstractTestNGCucumberTests"/>
      </group> <!-- cucumber -->
    </groups>
    <test started-at="2022-10-16T21:53:26 IST" name="Test" finished-at="2022-10-16T22:05:27 IST" duration-ms="720821">
      <class name="testRunner.RunnerEnquiryForm">
        <test-method is-config="true" signature="setUpClass(org.testng.ITestContext)[pri:0, instance:testRunner.RunnerEnquiryForm@1c7696c6]" started-at="2022-10-16T21:56:36 IST" name="setUpClass" finished-at="2022-10-16T21:56:36 IST" duration-ms="22" status="PASS">
          <params>
            <param index="0">
              <value>
                <![CDATA[org.testng.TestRunner@547ef1c6]]>
              </value>
            </param>
          </params>
          <reporter-output>
          </reporter-output>
        </test-method> <!-- setUpClass -->
        <test-method signature="runScenario(io.cucumber.testng.PickleWrapper,io.cucumber.testng.FeatureWrapper)[pri:0, instance:testRunner.RunnerEnquiryForm@1c7696c6]" started-at="2022-10-16T21:56:36 IST" name="runScenario" description="Runs Cucumber Scenarios" data-provider="scenarios" finished-at="2022-10-16T21:57:26 IST" duration-ms="49854" status="PASS">
          <params>
            <param index="0">
              <value>
                <![CDATA["Enquiry Form Submission Successful"]]>
              </value>
            </param>
            <param index="1">
              <value>
                <![CDATA["AP Enquiry Form"]]>
              </value>
            </param>
          </params>
          <reporter-output>
          </reporter-output>
        </test-method> <!-- runScenario -->
        <test-method signature="runScenario(io.cucumber.testng.PickleWrapper,io.cucumber.testng.FeatureWrapper)[pri:0, instance:testRunner.RunnerEnquiryForm@1c7696c6]" started-at="2022-10-16T21:57:26 IST" name="runScenario" description="Runs Cucumber Scenarios" data-provider="scenarios" finished-at="2022-10-16T21:58:13 IST" duration-ms="47326" status="PASS">
          <params>
            <param index="0">
              <value>
                <![CDATA["Enquiry Form Submission Successful"]]>
              </value>
            </param>
            <param index="1">
              <value>
                <![CDATA["AP Enquiry Form"]]>
              </value>
            </param>
          </params>
          <reporter-output>
          </reporter-output>
        </test-method> <!-- runScenario -->
        <test-method signature="runScenario(io.cucumber.testng.PickleWrapper,io.cucumber.testng.FeatureWrapper)[pri:0, instance:testRunner.RunnerEnquiryForm@1c7696c6]" started-at="2022-10-16T21:58:13 IST" name="runScenario" description="Runs Cucumber Scenarios" data-provider="scenarios" finished-at="2022-10-16T21:59:01 IST" duration-ms="48072" status="PASS">
          <params>
            <param index="0">
              <value>
                <![CDATA["Enquiry Form Submission Successful"]]>
              </value>
            </param>
            <param index="1">
              <value>
                <![CDATA["AP Enquiry Form"]]>
              </value>
            </param>
          </params>
          <reporter-output>
          </reporter-output>
        </test-method> <!-- runScenario -->
        <test-method signature="runScenario(io.cucumber.testng.PickleWrapper,io.cucumber.testng.FeatureWrapper)[pri:0, instance:testRunner.RunnerEnquiryForm@1c7696c6]" started-at="2022-10-16T21:59:01 IST" name="runScenario" description="Runs Cucumber Scenarios" data-provider="scenarios" finished-at="2022-10-16T21:59:54 IST" duration-ms="52141" status="PASS">
          <params>
            <param index="0">
              <value>
                <![CDATA["Enquiry Form Submission Successful"]]>
              </value>
            </param>
            <param index="1">
              <value>
                <![CDATA["AP Enquiry Form"]]>
              </value>
            </param>
          </params>
          <reporter-output>
          </reporter-output>
        </test-method> <!-- runScenario -->
        <test-method is-config="true" signature="tearDownClass()[pri:0, instance:testRunner.RunnerEnquiryForm@1c7696c6]" started-at="2022-10-16T21:59:54 IST" name="tearDownClass" finished-at="2022-10-16T21:59:54 IST" duration-ms="24" status="PASS">
          <reporter-output>
          </reporter-output>
        </test-method> <!-- tearDownClass -->
      </class> <!-- testRunner.RunnerEnquiryForm -->
      <class name="testRunner.RunnerExploreInterior">
        <test-method is-config="true" signature="setUpClass(org.testng.ITestContext)[pri:0, instance:testRunner.RunnerExploreInterior@60099951]" started-at="2022-10-16T21:59:54 IST" name="setUpClass" finished-at="2022-10-16T21:59:54 IST" duration-ms="26" status="PASS">
          <params>
            <param index="0">
              <value>
                <![CDATA[org.testng.TestRunner@547ef1c6]]>
              </value>
            </param>
          </params>
          <reporter-output>
          </reporter-output>
        </test-method> <!-- setUpClass -->
        <test-method signature="runScenario(io.cucumber.testng.PickleWrapper,io.cucumber.testng.FeatureWrapper)[pri:0, instance:testRunner.RunnerExploreInterior@60099951]" started-at="2022-10-16T21:59:54 IST" name="runScenario" description="Runs Cucumber Scenarios" data-provider="scenarios" finished-at="2022-10-16T22:00:23 IST" duration-ms="28816" status="PASS">
          <params>
            <param index="0">
              <value>
                <![CDATA["Explore Modular Kitchen"]]>
              </value>
            </param>
            <param index="1">
              <value>
                <![CDATA["AP Interior Design Explore Links"]]>
              </value>
            </param>
          </params>
          <reporter-output>
          </reporter-output>
        </test-method> <!-- runScenario -->
        <test-method signature="runScenario(io.cucumber.testng.PickleWrapper,io.cucumber.testng.FeatureWrapper)[pri:0, instance:testRunner.RunnerExploreInterior@60099951]" started-at="2022-10-16T22:00:23 IST" name="runScenario" description="Runs Cucumber Scenarios" data-provider="scenarios" finished-at="2022-10-16T22:00:53 IST" duration-ms="30579" status="PASS">
          <params>
            <param index="0">
              <value>
                <![CDATA["Explore Bedroom"]]>
              </value>
            </param>
            <param index="1">
              <value>
                <![CDATA["AP Interior Design Explore Links"]]>
              </value>
            </param>
          </params>
          <reporter-output>
          </reporter-output>
        </test-method> <!-- runScenario -->
        <test-method signature="runScenario(io.cucumber.testng.PickleWrapper,io.cucumber.testng.FeatureWrapper)[pri:0, instance:testRunner.RunnerExploreInterior@60099951]" started-at="2022-10-16T22:00:53 IST" name="runScenario" description="Runs Cucumber Scenarios" data-provider="scenarios" finished-at="2022-10-16T22:01:20 IST" duration-ms="26839" status="PASS">
          <params>
            <param index="0">
              <value>
                <![CDATA["Explore Living Room"]]>
              </value>
            </param>
            <param index="1">
              <value>
                <![CDATA["AP Interior Design Explore Links"]]>
              </value>
            </param>
          </params>
          <reporter-output>
          </reporter-output>
        </test-method> <!-- runScenario -->
        <test-method signature="runScenario(io.cucumber.testng.PickleWrapper,io.cucumber.testng.FeatureWrapper)[pri:0, instance:testRunner.RunnerExploreInterior@60099951]" started-at="2022-10-16T22:01:20 IST" name="runScenario" description="Runs Cucumber Scenarios" data-provider="scenarios" finished-at="2022-10-16T22:01:59 IST" duration-ms="38972" status="PASS">
          <params>
            <param index="0">
              <value>
                <![CDATA["Explore Bathroom"]]>
              </value>
            </param>
            <param index="1">
              <value>
                <![CDATA["AP Interior Design Explore Links"]]>
              </value>
            </param>
          </params>
          <reporter-output>
          </reporter-output>
        </test-method> <!-- runScenario -->
        <test-method is-config="true" signature="tearDownClass()[pri:0, instance:testRunner.RunnerExploreInterior@60099951]" started-at="2022-10-16T22:01:59 IST" name="tearDownClass" finished-at="2022-10-16T22:01:59 IST" duration-ms="18" status="PASS">
          <reporter-output>
          </reporter-output>
        </test-method> <!-- tearDownClass -->
      </class> <!-- testRunner.RunnerExploreInterior -->
      <class name="testRunner.Runner">
        <test-method is-config="true" signature="setUpClass(org.testng.ITestContext)[pri:0, instance:testRunner.Runner@e350b40]" started-at="2022-10-16T21:53:26 IST" name="setUpClass" finished-at="2022-10-16T21:53:27 IST" duration-ms="432" status="PASS">
          <params>
            <param index="0">
              <value>
                <![CDATA[org.testng.TestRunner@547ef1c6]]>
              </value>
            </param>
          </params>
          <reporter-output>
          </reporter-output>
        </test-method> <!-- setUpClass -->
        <test-method signature="runScenario(io.cucumber.testng.PickleWrapper,io.cucumber.testng.FeatureWrapper)[pri:0, instance:testRunner.Runner@e350b40]" started-at="2022-10-16T21:53:27 IST" name="runScenario" description="Runs Cucumber Scenarios" data-provider="scenarios" finished-at="2022-10-16T21:53:56 IST" duration-ms="29190" status="PASS">
          <params>
            <param index="0">
              <value>
                <![CDATA["Navigations successful"]]>
              </value>
            </param>
            <param index="1">
              <value>
                <![CDATA["AP Home Services Module Drop-down Links"]]>
              </value>
            </param>
          </params>
          <reporter-output>
          </reporter-output>
        </test-method> <!-- runScenario -->
        <test-method signature="runScenario(io.cucumber.testng.PickleWrapper,io.cucumber.testng.FeatureWrapper)[pri:0, instance:testRunner.Runner@e350b40]" started-at="2022-10-16T21:53:56 IST" name="runScenario" description="Runs Cucumber Scenarios" data-provider="scenarios" finished-at="2022-10-16T21:54:26 IST" duration-ms="30295" status="PASS">
          <params>
            <param index="0">
              <value>
                <![CDATA["Navigations successful"]]>
              </value>
            </param>
            <param index="1">
              <value>
                <![CDATA["AP Home Services Module Drop-down Links"]]>
              </value>
            </param>
          </params>
          <reporter-output>
          </reporter-output>
        </test-method> <!-- runScenario -->
        <test-method signature="runScenario(io.cucumber.testng.PickleWrapper,io.cucumber.testng.FeatureWrapper)[pri:0, instance:testRunner.Runner@e350b40]" started-at="2022-10-16T21:54:26 IST" name="runScenario" description="Runs Cucumber Scenarios" data-provider="scenarios" finished-at="2022-10-16T21:55:02 IST" duration-ms="35922" status="PASS">
          <params>
            <param index="0">
              <value>
                <![CDATA["Navigations successful"]]>
              </value>
            </param>
            <param index="1">
              <value>
                <![CDATA["AP Home Services Module Drop-down Links"]]>
              </value>
            </param>
          </params>
          <reporter-output>
          </reporter-output>
        </test-method> <!-- runScenario -->
        <test-method signature="runScenario(io.cucumber.testng.PickleWrapper,io.cucumber.testng.FeatureWrapper)[pri:0, instance:testRunner.Runner@e350b40]" started-at="2022-10-16T21:55:02 IST" name="runScenario" description="Runs Cucumber Scenarios" data-provider="scenarios" finished-at="2022-10-16T21:55:37 IST" duration-ms="35118" status="PASS">
          <params>
            <param index="0">
              <value>
                <![CDATA["Navigations successful"]]>
              </value>
            </param>
            <param index="1">
              <value>
                <![CDATA["AP Home Services Module Drop-down Links"]]>
              </value>
            </param>
          </params>
          <reporter-output>
          </reporter-output>
        </test-method> <!-- runScenario -->
        <test-method signature="runScenario(io.cucumber.testng.PickleWrapper,io.cucumber.testng.FeatureWrapper)[pri:0, instance:testRunner.Runner@e350b40]" started-at="2022-10-16T21:55:37 IST" name="runScenario" description="Runs Cucumber Scenarios" data-provider="scenarios" finished-at="2022-10-16T21:56:05 IST" duration-ms="27755" status="PASS">
          <params>
            <param index="0">
              <value>
                <![CDATA["Navigations successful"]]>
              </value>
            </param>
            <param index="1">
              <value>
                <![CDATA["AP Home Services Module Drop-down Links"]]>
              </value>
            </param>
          </params>
          <reporter-output>
          </reporter-output>
        </test-method> <!-- runScenario -->
        <test-method signature="runScenario(io.cucumber.testng.PickleWrapper,io.cucumber.testng.FeatureWrapper)[pri:0, instance:testRunner.Runner@e350b40]" started-at="2022-10-16T21:56:05 IST" name="runScenario" description="Runs Cucumber Scenarios" data-provider="scenarios" finished-at="2022-10-16T21:56:36 IST" duration-ms="31124" status="PASS">
          <params>
            <param index="0">
              <value>
                <![CDATA["Navigations successful"]]>
              </value>
            </param>
            <param index="1">
              <value>
                <![CDATA["AP Home Services Module Drop-down Links"]]>
              </value>
            </param>
          </params>
          <reporter-output>
          </reporter-output>
        </test-method> <!-- runScenario -->
        <test-method is-config="true" signature="tearDownClass()[pri:0, instance:testRunner.Runner@e350b40]" started-at="2022-10-16T21:56:36 IST" name="tearDownClass" finished-at="2022-10-16T21:56:36 IST" duration-ms="176" status="PASS">
          <reporter-output>
          </reporter-output>
        </test-method> <!-- tearDownClass -->
      </class> <!-- testRunner.Runner -->
      <class name="testRunner.RunnerFieldValidations">
        <test-method is-config="true" signature="setUpClass(org.testng.ITestContext)[pri:0, instance:testRunner.RunnerFieldValidations@20140db9]" started-at="2022-10-16T22:01:59 IST" name="setUpClass" finished-at="2022-10-16T22:01:59 IST" duration-ms="18" status="PASS">
          <params>
            <param index="0">
              <value>
                <![CDATA[org.testng.TestRunner@547ef1c6]]>
              </value>
            </param>
          </params>
          <reporter-output>
          </reporter-output>
        </test-method> <!-- setUpClass -->
        <test-method signature="runScenario(io.cucumber.testng.PickleWrapper,io.cucumber.testng.FeatureWrapper)[pri:0, instance:testRunner.RunnerFieldValidations@20140db9]" started-at="2022-10-16T22:01:59 IST" name="runScenario" description="Runs Cucumber Scenarios" data-provider="scenarios" finished-at="2022-10-16T22:02:27 IST" duration-ms="27699" status="PASS">
          <params>
            <param index="0">
              <value>
                <![CDATA["Blank Form Submission Unsuccessful"]]>
              </value>
            </param>
            <param index="1">
              <value>
                <![CDATA["AP Enquiry Form Field Validations"]]>
              </value>
            </param>
          </params>
          <reporter-output>
          </reporter-output>
        </test-method> <!-- runScenario -->
        <test-method signature="runScenario(io.cucumber.testng.PickleWrapper,io.cucumber.testng.FeatureWrapper)[pri:0, instance:testRunner.RunnerFieldValidations@20140db9]" started-at="2022-10-16T22:02:27 IST" name="runScenario" description="Runs Cucumber Scenarios" data-provider="scenarios" finished-at="2022-10-16T22:03:11 IST" duration-ms="44009" status="PASS">
          <params>
            <param index="0">
              <value>
                <![CDATA["Invalid Name Input"]]>
              </value>
            </param>
            <param index="1">
              <value>
                <![CDATA["AP Enquiry Form Field Validations"]]>
              </value>
            </param>
          </params>
          <reporter-output>
          </reporter-output>
        </test-method> <!-- runScenario -->
        <test-method signature="runScenario(io.cucumber.testng.PickleWrapper,io.cucumber.testng.FeatureWrapper)[pri:0, instance:testRunner.RunnerFieldValidations@20140db9]" started-at="2022-10-16T22:03:11 IST" name="runScenario" description="Runs Cucumber Scenarios" data-provider="scenarios" finished-at="2022-10-16T22:03:54 IST" duration-ms="42963" status="PASS">
          <params>
            <param index="0">
              <value>
                <![CDATA["Invalid Email Input"]]>
              </value>
            </param>
            <param index="1">
              <value>
                <![CDATA["AP Enquiry Form Field Validations"]]>
              </value>
            </param>
          </params>
          <reporter-output>
          </reporter-output>
        </test-method> <!-- runScenario -->
        <test-method signature="runScenario(io.cucumber.testng.PickleWrapper,io.cucumber.testng.FeatureWrapper)[pri:0, instance:testRunner.RunnerFieldValidations@20140db9]" started-at="2022-10-16T22:03:54 IST" name="runScenario" description="Runs Cucumber Scenarios" data-provider="scenarios" finished-at="2022-10-16T22:04:44 IST" duration-ms="50875" status="PASS">
          <params>
            <param index="0">
              <value>
                <![CDATA["Invalid Mobile Input"]]>
              </value>
            </param>
            <param index="1">
              <value>
                <![CDATA["AP Enquiry Form Field Validations"]]>
              </value>
            </param>
          </params>
          <reporter-output>
          </reporter-output>
        </test-method> <!-- runScenario -->
        <test-method signature="runScenario(io.cucumber.testng.PickleWrapper,io.cucumber.testng.FeatureWrapper)[pri:0, instance:testRunner.RunnerFieldValidations@20140db9]" started-at="2022-10-16T22:04:44 IST" name="runScenario" description="Runs Cucumber Scenarios" data-provider="scenarios" finished-at="2022-10-16T22:05:27 IST" duration-ms="42459" status="PASS">
          <params>
            <param index="0">
              <value>
                <![CDATA["Invalid Pin Input"]]>
              </value>
            </param>
            <param index="1">
              <value>
                <![CDATA["AP Enquiry Form Field Validations"]]>
              </value>
            </param>
          </params>
          <reporter-output>
          </reporter-output>
        </test-method> <!-- runScenario -->
        <test-method is-config="true" signature="tearDownClass()[pri:0, instance:testRunner.RunnerFieldValidations@20140db9]" started-at="2022-10-16T22:05:27 IST" name="tearDownClass" finished-at="2022-10-16T22:05:27 IST" duration-ms="43" status="PASS">
          <reporter-output>
          </reporter-output>
        </test-method> <!-- tearDownClass -->
      </class> <!-- testRunner.RunnerFieldValidations -->
    </test> <!-- Test -->
  </suite> <!-- Suite -->
</testng-results>
